[handleMsg]:  {
  key: {
    remoteJid: '593967426569@s.whatsapp.net',
    fromMe: false,
    id: '1E532D6EABFFC755FAFBD42987A6F058',
    participant: undefined
  },
  messageTimestamp: 1750554927,
  pushName: 'Pabosl',
  broadcast: false,
  message: Message {
    conversation: 'que agencia queda cerca de Broadway NY quiero enviar a la más cercana',
    messageContextInfo: MessageContextInfo {
      deviceListMetadata: [DeviceListMetadata],
      deviceListMetadataVersion: 2,
      messageSecret: [Uint8Array]
    }
  },
  body: 'que agencia queda cerca de Broadway NY quiero enviar a la más cercana',
  from: '593967426569'
}
[QUEUE_SE_ENVIO]:  {
  ref: 'ans_7d217bc0-9c68-4b05-ba88-3a429f21e17f',
  keyword: 'key_8b428936-d27a-4ee6-acb4-76f87eea042e',
  answer: '__call_action__',
  options: {
    media: null,
    buttons: [],
    capture: false,
    child: null,
    delay: 0,
    idle: null,
    ref: null,
    nested: [],
    keyword: {},
    callback: true
  },
  refSerialize: '205f7643c44a5a6fd1ae19bf8f5eebda'
}
[handleMsg]:  {
  key: {
    remoteJid: '593967426569@s.whatsapp.net',
    fromMe: false,
    id: '9FC5D584424087A9EFA5EC72B3ED56DC',
    participant: undefined
  },
  messageTimestamp: 1750555377,
  pushName: 'Pabosl',
  broadcast: false,
  message: Message {
    conversation: 'w 118th St agencia más cercana',
    messageContextInfo: MessageContextInfo {
      deviceListMetadata: [DeviceListMetadata],
      deviceListMetadataVersion: 2,
      messageSecret: [Uint8Array]
    }
  },
  body: 'w 118th St agencia más cercana',
  from: '593967426569'
}
[QUEUE_SE_ENVIO]:  {
  ref: 'ans_7d217bc0-9c68-4b05-ba88-3a429f21e17f',
  keyword: 'key_8b428936-d27a-4ee6-acb4-76f87eea042e',
  answer: '__call_action__',
  options: {
    media: null,
    buttons: [],
    capture: false,
    child: null,
    delay: 0,
    idle: null,
    ref: null,
    nested: [],
    keyword: {},
    callback: true
  },
  refSerialize: '205f7643c44a5a6fd1ae19bf8f5eebda'
}
[handleMsg]:  {
  key: {
    remoteJid: '593967426569@s.whatsapp.net',
    fromMe: false,
    id: '0B33F09C045BC06E7372D12249739CC5',
    participant: undefined
  },
  messageTimestamp: 1750555416,
  pushName: 'Pabosl',
  broadcast: false,
  message: Message {
    conversation: 'w 118th St agencia más cercana cual es la agencia más cercana',
    messageContextInfo: MessageContextInfo {
      deviceListMetadata: [DeviceListMetadata],
      deviceListMetadataVersion: 2,
      messageSecret: [Uint8Array]
    }
  },
  body: 'w 118th St agencia más cercana cual es la agencia más cercana',
  from: '593967426569'
}
[QUEUE_SE_ENVIO]:  {
  ref: 'ans_7d217bc0-9c68-4b05-ba88-3a429f21e17f',
  keyword: 'key_8b428936-d27a-4ee6-acb4-76f87eea042e',
  answer: '__call_action__',
  options: {
    media: null,
    buttons: [],
    capture: false,
    child: null,
    delay: 0,
    idle: null,
    ref: null,
    nested: [],
    keyword: {},
    callback: true
  },
  refSerialize: '205f7643c44a5a6fd1ae19bf8f5eebda'
}
[handleMsg]:  {
  key: {
    remoteJid: '593967426569@s.whatsapp.net',
    fromMe: false,
    id: '7D91630BD0C2AF953721F2C1431C315F',
    participant: undefined
  },
  messageTimestamp: 1750555547,
  pushName: 'Pabosl',
  broadcast: false,
  message: Message {
    conversation: '198-46 W 118 th St, NY código postal 10026 agencia más cerca',
    messageContextInfo: MessageContextInfo {
      deviceListMetadata: [DeviceListMetadata],
      deviceListMetadataVersion: 2,
      messageSecret: [Uint8Array]
    }
  },
  body: '198-46 W 118 th St, NY código postal 10026 agencia más cerca',
  from: '593967426569'
}
[QUEUE_SE_ENVIO]:  {
  ref: 'ans_7d217bc0-9c68-4b05-ba88-3a429f21e17f',
  keyword: 'key_8b428936-d27a-4ee6-acb4-76f87eea042e',
  answer: '__call_action__',
  options: {
    media: null,
    buttons: [],
    capture: false,
    child: null,
    delay: 0,
    idle: null,
    ref: null,
    nested: [],
    keyword: {},
    callback: true
  },
  refSerialize: '205f7643c44a5a6fd1ae19bf8f5eebda'
}
[handleMsg]:  {
  key: {
    remoteJid: '593967426569@s.whatsapp.net',
    fromMe: false,
    id: 'B795EC99E7F001F935B33FBA3A2C1679',
    participant: undefined
  },
  messageTimestamp: 1750555641,
  pushName: 'Pabosl',
  broadcast: false,
  message: Message {
    conversation: 'a cuantos minutos queda 198-46 W 118 th St, NY código postal 10026 agencia más cerca de agencia Bronx - 1347',
    messageContextInfo: MessageContextInfo {
      deviceListMetadata: [DeviceListMetadata],
      deviceListMetadataVersion: 2,
      messageSecret: [Uint8Array]
    }
  },
  body: 'a cuantos minutos queda 198-46 W 118 th St, NY código postal 10026 agencia más cerca de agencia Bronx - 1347',
  from: '593967426569'
}
[QUEUE_SE_ENVIO]:  {
  ref: 'ans_7d217bc0-9c68-4b05-ba88-3a429f21e17f',
  keyword: 'key_8b428936-d27a-4ee6-acb4-76f87eea042e',
  answer: '__call_action__',
  options: {
    media: null,
    buttons: [],
    capture: false,
    child: null,
    delay: 0,
    idle: null,
    ref: null,
    nested: [],
    keyword: {},
    callback: true
  },
  refSerialize: '205f7643c44a5a6fd1ae19bf8f5eebda'
}
[handleMsg]:  {
  key: {
    remoteJid: '593967426569@s.whatsapp.net',
    fromMe: false,
    id: 'D872B384203D124B2224C09F9A55D2DC',
    participant: undefined
  },
  messageTimestamp: 1750555695,
  pushName: 'Pabosl',
  broadcast: false,
  message: Message {
    conversation: 'ola',
    messageContextInfo: MessageContextInfo {
      deviceListMetadata: [DeviceListMetadata],
      deviceListMetadataVersion: 2,
      messageSecret: [Uint8Array]
    }
  },
  body: 'ola',
  from: '593967426569'
}
[handleMsg]:  {
  key: {
    remoteJid: '593967426569@s.whatsapp.net',
    fromMe: false,
    id: 'CD48FD97CE2C4190B7B07E163133A6B2',
    participant: undefined
  },
  messageTimestamp: 1750555755,
  pushName: 'Pabosl',
  broadcast: false,
  message: Message {
    conversation: 'a cuantos minutos queda 198-46 W 118 th St, NY código postal 10026 agencia más cerca de agencia Bronx - 1347 tiempo referencial',
    messageContextInfo: MessageContextInfo {
      deviceListMetadata: [DeviceListMetadata],
      deviceListMetadataVersion: 2,
      messageSecret: [Uint8Array]
    }
  },
  body: 'a cuantos minutos queda 198-46 W 118 th St, NY código postal 10026 agencia más cerca de agencia Bronx - 1347 tiempo referencial',
  from: '593967426569'
}
[QUEUE_SE_ENVIO]:  {
  ref: 'ans_7d217bc0-9c68-4b05-ba88-3a429f21e17f',
  keyword: 'key_8b428936-d27a-4ee6-acb4-76f87eea042e',
  answer: '__call_action__',
  options: {
    media: null,
    buttons: [],
    capture: false,
    child: null,
    delay: 0,
    idle: null,
    ref: null,
    nested: [],
    keyword: {},
    callback: true
  },
  refSerialize: '205f7643c44a5a6fd1ae19bf8f5eebda'
}
[handleMsg]:  {
  key: {
    remoteJid: '593967426569@s.whatsapp.net',
    fromMe: false,
    id: 'EC942C4E8002E75C7DEF99AEBB881C44',
    participant: undefined
  },
  messageTimestamp: 1750555834,
  pushName: 'Pabosl',
  broadcast: false,
  message: Message {
    conversation: 'a cuantos minutos queda 198-46 W 118 th St, a agencia Bronx',
    messageContextInfo: MessageContextInfo {
      deviceListMetadata: [DeviceListMetadata],
      deviceListMetadataVersion: 2,
      messageSecret: [Uint8Array]
    }
  },
  body: 'a cuantos minutos queda 198-46 W 118 th St, a agencia Bronx',
  from: '593967426569'
}
[QUEUE_SE_ENVIO]:  {
  ref: 'ans_7d217bc0-9c68-4b05-ba88-3a429f21e17f',
  keyword: 'key_8b428936-d27a-4ee6-acb4-76f87eea042e',
  answer: '__call_action__',
  options: {
    media: null,
    buttons: [],
    capture: false,
    child: null,
    delay: 0,
    idle: null,
    ref: null,
    nested: [],
    keyword: {},
    callback: true
  },
  refSerialize: '205f7643c44a5a6fd1ae19bf8f5eebda'
}
[handleMsg]:  {
  key: {
    remoteJid: '593967426569@s.whatsapp.net',
    fromMe: false,
    id: '31598B5236304A8DE954CEA396483C58',
    participant: undefined
  },
  messageTimestamp: 1750555880,
  pushName: 'Pabosl',
  broadcast: false,
  message: Message {
    conversation: 'a cuantos minutos queda 198-46 W 118 th St tiempo estimado, a agencia Bronx',
    messageContextInfo: MessageContextInfo {
      deviceListMetadata: [DeviceListMetadata],
      deviceListMetadataVersion: 2,
      messageSecret: [Uint8Array]
    }
  },
  body: 'a cuantos minutos queda 198-46 W 118 th St tiempo estimado, a agencia Bronx',
  from: '593967426569'
}
[QUEUE_SE_ENVIO]:  {
  ref: 'ans_7d217bc0-9c68-4b05-ba88-3a429f21e17f',
  keyword: 'key_8b428936-d27a-4ee6-acb4-76f87eea042e',
  answer: '__call_action__',
  options: {
    media: null,
    buttons: [],
    capture: false,
    child: null,
    delay: 0,
    idle: null,
    ref: null,
    nested: [],
    keyword: {},
    callback: true
  },
  refSerialize: '205f7643c44a5a6fd1ae19bf8f5eebda'
}
[handleMsg]:  {
  key: {
    remoteJid: '593967426569@s.whatsapp.net',
    fromMe: false,
    id: '4FAAA29C23E0E75E2D337655EED2E8A5',
    participant: undefined
  },
  messageTimestamp: 1750555942,
  pushName: 'Pabosl',
  broadcast: false,
  message: Message {
    conversation: 'distancia entre 198-46 W 118 th St, a agencia Bronx',
    messageContextInfo: MessageContextInfo {
      deviceListMetadata: [DeviceListMetadata],
      deviceListMetadataVersion: 2,
      messageSecret: [Uint8Array]
    }
  },
  body: 'distancia entre 198-46 W 118 th St, a agencia Bronx',
  from: '593967426569'
}
[QUEUE_SE_ENVIO]:  {
  ref: 'ans_7d217bc0-9c68-4b05-ba88-3a429f21e17f',
  keyword: 'key_8b428936-d27a-4ee6-acb4-76f87eea042e',
  answer: '__call_action__',
  options: {
    media: null,
    buttons: [],
    capture: false,
    child: null,
    delay: 0,
    idle: null,
    ref: null,
    nested: [],
    keyword: {},
    callback: true
  },
  refSerialize: '205f7643c44a5a6fd1ae19bf8f5eebda'
}
[handleMsg]:  {
  key: {
    remoteJid: '593967426569@s.whatsapp.net',
    fromMe: false,
    id: '6C0FD4EC6054EAD2EEFF7F3EEB163017',
    participant: undefined
  },
  messageTimestamp: 1750556476,
  pushName: 'Pabosl',
  broadcast: false,
  message: Message {
    conversation: '1513 lexington AVE #4s, codigo 10029 agencia más cercana',
    messageContextInfo: MessageContextInfo {
      deviceListMetadata: [DeviceListMetadata],
      deviceListMetadataVersion: 2,
      messageSecret: [Uint8Array]
    }
  },
  body: '1513 lexington AVE #4s, codigo 10029 agencia más cercana',
  from: '593967426569'
}
[QUEUE_SE_ENVIO]:  {
  ref: 'ans_7d217bc0-9c68-4b05-ba88-3a429f21e17f',
  keyword: 'key_8b428936-d27a-4ee6-acb4-76f87eea042e',
  answer: '__call_action__',
  options: {
    media: null,
    buttons: [],
    capture: false,
    child: null,
    delay: 0,
    idle: null,
    ref: null,
    nested: [],
    keyword: {},
    callback: true
  },
  refSerialize: '205f7643c44a5a6fd1ae19bf8f5eebda'
}
